#
# There is insufficient memory for the Java Runtime Environment to continue.
# Native memory allocation (malloc) failed to allocate 788336 bytes for Chunk::new
# Possible reasons:
#   The system is out of physical RAM or swap space
#   In 32 bit mode, the process size limit was hit
# Possible solutions:
#   Reduce memory load on the system
#   Increase physical memory or swap space
#   Check if swap backing store is full
#   Use 64 bit Java on a 64 bit OS
#   Decrease Java heap size (-Xmx/-Xms)
#   Decrease number of Java threads
#   Decrease Java thread stack sizes (-Xss)
#   Set larger code cache with -XX:ReservedCodeCacheSize=
# This output file may be truncated or incomplete.
#
#  Out of Memory Error (allocation.cpp:390), pid=11944, tid=7940
#
# JRE version: Java(TM) SE Runtime Environment (8.0_40-b25) (build 1.8.0_40-b25)
# Java VM: Java HotSpot(TM) 64-Bit Server VM (25.40-b25 mixed mode windows-amd64 compressed oops)
# Failed to write core dump. Minidumps are not enabled by default on client versions of Windows
#

---------------  T H R E A D  ---------------

Current thread (0x0000000015a4a800):  JavaThread "C2 CompilerThread1" daemon [_thread_in_native, id=7940, stack(0x0000000017090000,0x0000000017190000)]

Stack: [0x0000000017090000,0x0000000017190000]
Native frames: (J=compiled Java code, j=interpreted, Vv=VM code, C=native code)
V  [jvm.dll+0x32b47a]
V  [jvm.dll+0x2797f3]
V  [jvm.dll+0x27a489]
V  [jvm.dll+0x2717a5]
V  [jvm.dll+0xcb9a2]
V  [jvm.dll+0xcbe6c]
V  [jvm.dll+0x49294c]
V  [jvm.dll+0x45f77f]
V  [jvm.dll+0x46a73b]
V  [jvm.dll+0x46cd52]
V  [jvm.dll+0x4500d2]
V  [jvm.dll+0xa4312]
V  [jvm.dll+0xa4c4f]
V  [jvm.dll+0x241914]
V  [jvm.dll+0x29848a]
C  [msvcr100.dll+0x21d9f]
C  [msvcr100.dll+0x21e3b]
C  [KERNEL32.DLL+0x14034]
C  [ntdll.dll+0x73691]


Current CompileTask:
C2:  15041 4357       4       org.springframework.beans.factory.support.AbstractBeanFactory::isTypeMatch (547 bytes)


---------------  P R O C E S S  ---------------

Java Threads: ( => current thread )
  0x000000001a815800 JavaThread "Live Reload Server" daemon [_thread_in_native, id=9300, stack(0x00000000201c0000,0x00000000202c0000)]
  0x000000001d765000 JavaThread "container-0" [_thread_blocked, id=8244, stack(0x000000001e6b0000,0x000000001e7b0000)]
  0x000000001f271000 JavaThread "Catalina-utility-2" [_thread_blocked, id=8220, stack(0x000000001e5b0000,0x000000001e6b0000)]
  0x000000001f610800 JavaThread "Catalina-utility-1" [_thread_blocked, id=8236, stack(0x000000001d230000,0x000000001d330000)]
  0x000000001e201800 JavaThread "spring.cloud.inetutils" daemon [_thread_blocked, id=8480, stack(0x000000001cee0000,0x000000001cfe0000)]
  0x0000000018931000 JavaThread "restartedMain" [_thread_in_vm, id=8100, stack(0x00000000192a0000,0x00000000193a0000)]
  0x0000000018b3a000 JavaThread "Thread-0" [_thread_blocked, id=10172, stack(0x00000000191a0000,0x00000000192a0000)]
  0x00000000172b0800 JavaThread "Service Thread" daemon [_thread_blocked, id=6016, stack(0x0000000017690000,0x0000000017790000)]
  0x0000000015a4d000 JavaThread "C1 CompilerThread2" daemon [_thread_blocked, id=6244, stack(0x0000000017190000,0x0000000017290000)]
=>0x0000000015a4a800 JavaThread "C2 CompilerThread1" daemon [_thread_in_native, id=7940, stack(0x0000000017090000,0x0000000017190000)]
  0x0000000015a42000 JavaThread "C2 CompilerThread0" daemon [_thread_in_native, id=9784, stack(0x0000000016f90000,0x0000000017090000)]
  0x0000000015a40800 JavaThread "Attach Listener" daemon [_thread_blocked, id=9304, stack(0x0000000016e90000,0x0000000016f90000)]
  0x0000000015a3f800 JavaThread "Signal Dispatcher" daemon [_thread_blocked, id=10496, stack(0x0000000016d90000,0x0000000016e90000)]
  0x000000000341d800 JavaThread "Finalizer" daemon [_thread_blocked, id=3772, stack(0x0000000016c90000,0x0000000016d90000)]
  0x0000000003415800 JavaThread "Reference Handler" daemon [_thread_blocked, id=7916, stack(0x0000000016b90000,0x0000000016c90000)]
  0x0000000003328000 JavaThread "main" [_thread_blocked, id=10552, stack(0x0000000003220000,0x0000000003320000)]

Other Threads:
  0x0000000015a06800 VMThread [stack: 0x0000000016a90000,0x0000000016b90000] [id=6140]
  0x0000000015a9e000 WatcherThread [stack: 0x0000000017790000,0x0000000017890000] [id=1748]

VM state:not at safepoint (normal execution)

VM Mutex/Monitor currently owned by a thread: None

Heap:
 PSYoungGen      total 146944K, used 44689K [0x00000000eb100000, 0x00000000f6b00000, 0x0000000100000000)
  eden space 135680K, 24% used [0x00000000eb100000,0x00000000ed1a8ce0,0x00000000f3580000)
  from space 11264K, 99% used [0x00000000f3580000,0x00000000f407b9b8,0x00000000f4080000)
  to   space 9216K, 0% used [0x00000000f4080000,0x00000000f4080000,0x00000000f4980000)
 ParOldGen       total 55808K, used 19844K [0x00000000c1200000, 0x00000000c4880000, 0x00000000eb100000)
  object space 55808K, 35% used [0x00000000c1200000,0x00000000c25613d0,0x00000000c4880000)
 Metaspace       used 41713K, capacity 43642K, committed 43736K, reserved 1087488K
  class space    used 5420K, capacity 5810K, committed 5888K, reserved 1048576K

Card table byte_map: [0x00000000127e0000,0x00000000129e0000] byte_map_base: 0x00000000121d7000

Marking Bits: (ParMarkBitMap*) 0x00000000569d4040
 Begin Bits: [0x0000000012f30000, 0x0000000013ee8000)
 End Bits:   [0x0000000013ee8000, 0x0000000014ea0000)

Polling page: 0x0000000001300000

CodeCache: size=245760Kb used=14289Kb max_used=14289Kb free=231470Kb
 bounds [0x0000000003420000, 0x0000000004220000, 0x0000000012420000]
 total_blobs=4653 nmethods=4221 adapters=343
 compilation: enabled

Compilation events (10 events):
Event: 14.905 Thread 0x0000000015a4d000 4626       2       sun.reflect.generics.repository.ConstructorRepository::getParameterTypes (78 bytes)
Event: 14.906 Thread 0x0000000015a4d000 nmethod 4626 0x0000000004208810 code [0x00000000042089a0, 0x0000000004208e58]
Event: 14.910 Thread 0x0000000015a4d000 4627       2       org.springframework.beans.factory.annotation.InitDestroyAnnotationBeanPostProcessor::postProcessAfterInitialization (2 bytes)
Event: 14.910 Thread 0x0000000015a4d000 nmethod 4627 0x0000000004209110 code [0x0000000004209260, 0x00000000042093b0]
Event: 14.913 Thread 0x0000000015a4d000 4628       2       org.springframework.boot.web.servlet.context.WebApplicationContextServletContextAwareProcessor::getServletContext (23 bytes)
Event: 14.914 Thread 0x0000000015a4d000 nmethod 4628 0x0000000004209450 code [0x00000000042095e0, 0x0000000004209838]
Event: 14.914 Thread 0x0000000015a4d000 4629   !   2       org.springframework.beans.factory.annotation.InitDestroyAnnotationBeanPostProcessor::postProcessBeforeInitialization (53 bytes)
Event: 14.914 Thread 0x0000000015a4d000 nmethod 4629 0x0000000004209990 code [0x0000000004209b20, 0x0000000004209e98]
Event: 14.914 Thread 0x0000000015a4d000 4630       2       org.springframework.beans.factory.annotation.InitDestroyAnnotationBeanPostProcessor$LifecycleMetadata::invokeInitMethods (129 bytes)
Event: 14.916 Thread 0x0000000015a4d000 nmethod 4630 0x000000000420a110 code [0x000000000420a360, 0x000000000420aa08]

GC Heap History (10 events):
Event: 6.373 GC heap before
{Heap before GC invocations=9 (full 1):
 PSYoungGen      total 72192K, used 64512K [0x00000000eb100000, 0x00000000f3d00000, 0x0000000100000000)
  eden space 64512K, 100% used [0x00000000eb100000,0x00000000ef000000,0x00000000ef000000)
  from space 7680K, 0% used [0x00000000ef000000,0x00000000ef000000,0x00000000ef780000)
  to   space 7168K, 0% used [0x00000000f3600000,0x00000000f3600000,0x00000000f3d00000)
 ParOldGen       total 34816K, used 8402K [0x00000000c1200000, 0x00000000c3400000, 0x00000000eb100000)
  object space 34816K, 24% used [0x00000000c1200000,0x00000000c1a348d8,0x00000000c3400000)
 Metaspace       used 26720K, capacity 27592K, committed 27776K, reserved 1073152K
  class space    used 3464K, capacity 3666K, committed 3712K, reserved 1048576K
Event: 6.388 GC heap after
Heap after GC invocations=9 (full 1):
 PSYoungGen      total 109056K, used 5852K [0x00000000eb100000, 0x00000000f3c00000, 0x0000000100000000)
  eden space 102912K, 0% used [0x00000000eb100000,0x00000000eb100000,0x00000000f1580000)
  from space 6144K, 95% used [0x00000000f3600000,0x00000000f3bb70e8,0x00000000f3c00000)
  to   space 7680K, 0% used [0x00000000f2d00000,0x00000000f2d00000,0x00000000f3480000)
 ParOldGen       total 34816K, used 8410K [0x00000000c1200000, 0x00000000c3400000, 0x00000000eb100000)
  object space 34816K, 24% used [0x00000000c1200000,0x00000000c1a368d8,0x00000000c3400000)
 Metaspace       used 26720K, capacity 27592K, committed 27776K, reserved 1073152K
  class space    used 3464K, capacity 3666K, committed 3712K, reserved 1048576K
}
Event: 8.017 GC heap before
{Heap before GC invocations=10 (full 1):
 PSYoungGen      total 109056K, used 108764K [0x00000000eb100000, 0x00000000f3c00000, 0x0000000100000000)
  eden space 102912K, 100% used [0x00000000eb100000,0x00000000f1580000,0x00000000f1580000)
  from space 6144K, 95% used [0x00000000f3600000,0x00000000f3bb70e8,0x00000000f3c00000)
  to   space 7680K, 0% used [0x00000000f2d00000,0x00000000f2d00000,0x00000000f3480000)
 ParOldGen       total 34816K, used 8410K [0x00000000c1200000, 0x00000000c3400000, 0x00000000eb100000)
  object space 34816K, 24% used [0x00000000c1200000,0x00000000c1a368d8,0x00000000c3400000)
 Metaspace       used 29024K, capacity 29968K, committed 30208K, reserved 1075200K
  class space    used 3769K, capacity 3994K, committed 4096K, reserved 1048576K
Event: 8.041 GC heap after
Heap after GC invocations=10 (full 1):
 PSYoungGen      total 134656K, used 7652K [0x00000000eb100000, 0x00000000f4980000, 0x0000000100000000)
  eden space 126976K, 0% used [0x00000000eb100000,0x00000000eb100000,0x00000000f2d00000)
  from space 7680K, 99% used [0x00000000f2d00000,0x00000000f3479178,0x00000000f3480000)
  to   space 9216K, 0% used [0x00000000f4080000,0x00000000f4080000,0x00000000f4980000)
 ParOldGen       total 34816K, used 10328K [0x00000000c1200000, 0x00000000c3400000, 0x00000000eb100000)
  object space 34816K, 29% used [0x00000000c1200000,0x00000000c1c160f8,0x00000000c3400000)
 Metaspace       used 29024K, capacity 29968K, committed 30208K, reserved 1075200K
  class space    used 3769K, capacity 3994K, committed 4096K, reserved 1048576K
}
Event: 10.524 GC heap before
{Heap before GC invocations=11 (full 1):
 PSYoungGen      total 134656K, used 96756K [0x00000000eb100000, 0x00000000f4980000, 0x0000000100000000)
  eden space 126976K, 70% used [0x00000000eb100000,0x00000000f08040c8,0x00000000f2d00000)
  from space 7680K, 99% used [0x00000000f2d00000,0x00000000f3479178,0x00000000f3480000)
  to   space 9216K, 0% used [0x00000000f4080000,0x00000000f4080000,0x00000000f4980000)
 ParOldGen       total 34816K, used 10328K [0x00000000c1200000, 0x00000000c3400000, 0x00000000eb100000)
  object space 34816K, 29% used [0x00000000c1200000,0x00000000c1c160f8,0x00000000c3400000)
 Metaspace       used 33832K, capacity 35344K, committed 35416K, reserved 1079296K
  class space    used 4401K, capacity 4711K, committed 4736K, reserved 1048576K
Event: 10.558 GC heap after
Heap after GC invocations=11 (full 1):
 PSYoungGen      total 144896K, used 9198K [0x00000000eb100000, 0x00000000f6b00000, 0x0000000100000000)
  eden space 135680K, 0% used [0x00000000eb100000,0x00000000eb100000,0x00000000f3580000)
  from space 9216K, 99% used [0x00000000f4080000,0x00000000f497baa0,0x00000000f4980000)
  to   space 11264K, 0% used [0x00000000f3580000,0x00000000f3580000,0x00000000f4080000)
 ParOldGen       total 34816K, used 14121K [0x00000000c1200000, 0x00000000c3400000, 0x00000000eb100000)
  object space 34816K, 40% used [0x00000000c1200000,0x00000000c1fca498,0x00000000c3400000)
 Metaspace       used 33832K, capacity 35344K, committed 35416K, reserved 1079296K
  class space    used 4401K, capacity 4711K, committed 4736K, reserved 1048576K
}
Event: 10.558 GC heap before
{Heap before GC invocations=12 (full 2):
 PSYoungGen      total 144896K, used 9198K [0x00000000eb100000, 0x00000000f6b00000, 0x0000000100000000)
  eden space 135680K, 0% used [0x00000000eb100000,0x00000000eb100000,0x00000000f3580000)
  from space 9216K, 99% used [0x00000000f4080000,0x00000000f497baa0,0x00000000f4980000)
  to   space 11264K, 0% used [0x00000000f3580000,0x00000000f3580000,0x00000000f4080000)
 ParOldGen       total 34816K, used 14121K [0x00000000c1200000, 0x00000000c3400000, 0x00000000eb100000)
  object space 34816K, 40% used [0x00000000c1200000,0x00000000c1fca498,0x00000000c3400000)
 Metaspace       used 33832K, capacity 35344K, committed 35416K, reserved 1079296K
  class space    used 4401K, capacity 4711K, committed 4736K, reserved 1048576K
Event: 10.727 GC heap after
Heap after GC invocations=12 (full 2):
 PSYoungGen      total 144896K, used 0K [0x00000000eb100000, 0x00000000f6b00000, 0x0000000100000000)
  eden space 135680K, 0% used [0x00000000eb100000,0x00000000eb100000,0x00000000f3580000)
  from space 9216K, 0% used [0x00000000f4080000,0x00000000f4080000,0x00000000f4980000)
  to   space 11264K, 0% used [0x00000000f3580000,0x00000000f3580000,0x00000000f4080000)
 ParOldGen       total 55808K, used 16861K [0x00000000c1200000, 0x00000000c4880000, 0x00000000eb100000)
  object space 55808K, 30% used [0x00000000c1200000,0x00000000c2277628,0x00000000c4880000)
 Metaspace       used 33832K, capacity 35344K, committed 35416K, reserved 1079296K
  class space    used 4401K, capacity 4711K, committed 4736K, reserved 1048576K
}
Event: 14.363 GC heap before
{Heap before GC invocations=13 (full 2):
 PSYoungGen      total 144896K, used 135680K [0x00000000eb100000, 0x00000000f6b00000, 0x0000000100000000)
  eden space 135680K, 100% used [0x00000000eb100000,0x00000000f3580000,0x00000000f3580000)
  from space 9216K, 0% used [0x00000000f4080000,0x00000000f4080000,0x00000000f4980000)
  to   space 11264K, 0% used [0x00000000f3580000,0x00000000f3580000,0x00000000f4080000)
 ParOldGen       total 55808K, used 16861K [0x00000000c1200000, 0x00000000c4880000, 0x00000000eb100000)
  object space 55808K, 30% used [0x00000000c1200000,0x00000000c2277628,0x00000000c4880000)
 Metaspace       used 40176K, capacity 41866K, committed 42200K, reserved 1085440K
  class space    used 5228K, capacity 5542K, committed 5632K, reserved 1048576K
Event: 14.402 GC heap after
Heap after GC invocations=13 (full 2):
 PSYoungGen      total 146944K, used 11246K [0x00000000eb100000, 0x00000000f6b00000, 0x0000000100000000)
  eden space 135680K, 0% used [0x00000000eb100000,0x00000000eb100000,0x00000000f3580000)
  from space 11264K, 99% used [0x00000000f3580000,0x00000000f407b9b8,0x00000000f4080000)
  to   space 9216K, 0% used [0x00000000f4080000,0x00000000f4080000,0x00000000f4980000)
 ParOldGen       total 55808K, used 19844K [0x00000000c1200000, 0x00000000c4880000, 0x00000000eb100000)
  object space 55808K, 35% used [0x00000000c1200000,0x00000000c25613d0,0x00000000c4880000)
 Metaspace       used 40176K, capacity 41866K, committed 42200K, reserved 1085440K
  class space    used 5228K, capacity 5542K, committed 5632K, reserved 1048576K
}

Deoptimization events (10 events):
Event: 14.230 Thread 0x0000000018931000 Uncommon trap: reason=unstable_if action=reinterpret pc=0x00000000039ae7dc method=org.springframework.beans.factory.support.RootBeanDefinition.equals(Ljava/lang/Object;)Z @ 2
Event: 14.420 Thread 0x00000000172b0800 Uncommon trap: reason=bimorphic action=maybe_recompile pc=0x00000000036818c8 method=java.util.AbstractCollection.containsAll(Ljava/util/Collection;)Z @ 1
Event: 14.420 Thread 0x00000000172b0800 Uncommon trap: reason=bimorphic action=maybe_recompile pc=0x00000000036818c8 method=java.util.AbstractCollection.containsAll(Ljava/util/Collection;)Z @ 1
Event: 14.420 Thread 0x00000000172b0800 Uncommon trap: reason=bimorphic action=maybe_recompile pc=0x00000000036818c8 method=java.util.AbstractCollection.containsAll(Ljava/util/Collection;)Z @ 1
Event: 14.420 Thread 0x00000000172b0800 Uncommon trap: reason=bimorphic action=maybe_recompile pc=0x00000000036818c8 method=java.util.AbstractCollection.containsAll(Ljava/util/Collection;)Z @ 1
Event: 14.423 Thread 0x0000000018931000 Uncommon trap: reason=unstable_if action=reinterpret pc=0x0000000003f843f0 method=java.lang.reflect.Method.equals(Ljava/lang/Object;)Z @ 1
Event: 14.432 Thread 0x00000000172b0800 Uncommon trap: reason=speculate_class_check action=maybe_recompile pc=0x000000000417b418 method=java.util.AbstractList.listIterator()Ljava/util/ListIterator; @ 2
Event: 14.432 Thread 0x00000000172b0800 Uncommon trap: reason=speculate_class_check action=maybe_recompile pc=0x000000000417b418 method=java.util.AbstractList.listIterator()Ljava/util/ListIterator; @ 2
Event: 14.460 Thread 0x00000000172b0800 Uncommon trap: reason=speculate_class_check action=maybe_recompile pc=0x000000000417b418 method=java.util.AbstractList.listIterator()Ljava/util/ListIterator; @ 2
Event: 14.693 Thread 0x0000000018931000 Uncommon trap: reason=unstable_if action=reinterpret pc=0x0000000003f480b4 method=org.springframework.beans.factory.support.DefaultSingletonBeanRegistry.getSingleton(Ljava/lang/String;Z)Ljava/lang/Object; @ 47

Internal exceptions (10 events):
Event: 14.410 Thread 0x0000000018931000 Exception <a 'java/lang/ClassNotFoundException': org/springframework/boot/autoconfigure/web/servlet/WebMvcAutoConfiguration$EnableWebMvcConfigurationCustomizer> (0x00000000eb116ea0) thrown at [D:\re\workspace\8-2-build-windows-amd64-cygwin\jdk8u40\2855\hotc—q
Event: 14.412 Thread 0x0000000018931000 Exception <a 'java/lang/ClassNotFoundException': org/springframework/boot/autoconfigure/web/servlet/WebMvcAutoConfiguration$EnableWebMvcConfiguration$$EnhancerBySpringCGLIB$$bfdd2b4Customizer> (0x00000000eb162ad0) thrown at [D:\re\workspace\8-2-build-windoãQ§l˜”,@
Event: 14.414 Thread 0x0000000018931000 Exception <a 'java/lang/ClassNotFoundException': org/springframework/context/annotation/ConfigurationClassEnhancer$EnhancedConfigurationCustomizer> (0x00000000eb1b3eb8) thrown at [D:\re\workspace\8-2-build-windows-amd64-cygwin\jdk8u40\2855\hotspot\src\sharê∂Ë«‘,@
Event: 14.416 Thread 0x0000000018931000 Exception <a 'java/lang/ClassNotFoundException': org/springframework/beans/factory/BeanFactoryAwareCustomizer> (0x00000000eb1d64e0) thrown at [D:\re\workspace\8-2-build-windows-amd64-cygwin\jdk8u40\2855\hotspot\src\share\vm\classfile\systemDictionary.cpp, Ωu LÇ’,@
Event: 14.417 Thread 0x0000000018931000 Exception <a 'java/lang/ClassNotFoundException': org/springframework/beans/factory/AwareCustomizer> (0x00000000eb1f56a0) thrown at [D:\re\workspace\8-2-build-windows-amd64-cygwin\jdk8u40\2855\hotspot\src\share\vm\classfile\systemDictionary.cpp, line 210]
Event: 14.418 Thread 0x0000000018931000 Exception <a 'java/lang/ClassNotFoundException': org/springframework/context/ApplicationContextAwareCustomizer> (0x00000000eb2183a0) thrown at [D:\re\workspace\8-2-build-windows-amd64-cygwin\jdk8u40\2855\hotspot\src\share\vm\classfile\systemDictionary.cpp,®:»Ë÷,@
Event: 14.420 Thread 0x0000000018931000 Exception <a 'java/lang/ClassNotFoundException': org/springframework/beans/factory/AwareCustomizer> (0x00000000eb237218) thrown at [D:\re\workspace\8-2-build-windows-amd64-cygwin\jdk8u40\2855\hotspot\src\share\vm\classfile\systemDictionary.cpp, line 210]
Event: 14.421 Thread 0x0000000018931000 Exception <a 'java/lang/ClassNotFoundException': org/springframework/web/context/ServletContextAwareCustomizer> (0x00000000eb259ed8) thrown at [D:\re\workspace\8-2-build-windows-amd64-cygwin\jdk8u40\2855\hotspot\src\share\vm\classfile\systemDictionary.cpp,
Event: 14.422 Thread 0x0000000018931000 Exception <a 'java/lang/ClassNotFoundException': org/springframework/beans/factory/AwareCustomizer> (0x00000000eb2787c0) thrown at [D:\re\workspace\8-2-build-windows-amd64-cygwin\jdk8u40\2855\hotspot\src\share\vm\classfile\systemDictionary.cpp, line 210]
Event: 14.423 Thread 0x0000000018931000 Implicit null exception at 0x0000000003f8430c to 0x0000000003f843dd

Events (10 events):
Event: 14.886 loading class org/springframework/web/servlet/config/annotation/ContentNegotiationConfigurer
Event: 14.886 loading class org/springframework/web/servlet/config/annotation/ContentNegotiationConfigurer done
Event: 14.888 loading class org/springframework/boot/autoconfigure/http/HttpMessageConverters
Event: 14.888 loading class org/springframework/boot/autoconfigure/http/HttpMessageConverters done
Event: 14.888 loading class org/springframework/boot/autoconfigure/http/HttpMessageConverters
Event: 14.888 loading class org/springframework/boot/autoconfigure/http/HttpMessageConverters done
Event: 14.896 loading class org/springframework/core/ResolvableType$WildcardBounds$Kind
Event: 14.896 loading class org/springframework/core/ResolvableType$WildcardBounds$Kind done
Event: 14.915 Thread 0x0000000018931000 DEOPT PACKING pc=0x0000000003aa699a sp=0x0000000019397820
Event: 14.915 Thread 0x0000000018931000 DEOPT UNPACKING pc=0x000000000346747f sp=0x0000000019397538 mode 0


Dynamic libraries:
0x00007ff6bbfb0000 - 0x00007ff6bbfe7000 	C:\Program Files\Java\jdk1.8.0_40\bin\javaw.exe
0x00007ffd8cd40000 - 0x00007ffd8cf21000 	C:\WINDOWS\SYSTEM32\ntdll.dll
0x00007ffd8a340000 - 0x00007ffd8a3f1000 	C:\WINDOWS\System32\KERNEL32.DLL
0x00007ffd89170000 - 0x00007ffd893e3000 	C:\WINDOWS\System32\KERNELBASE.dll
0x00007ffd8a290000 - 0x00007ffd8a331000 	C:\WINDOWS\System32\ADVAPI32.dll
0x00007ffd8bfd0000 - 0x00007ffd8c06e000 	C:\WINDOWS\System32\msvcrt.dll
0x00007ffd8a1d0000 - 0x00007ffd8a22b000 	C:\WINDOWS\System32\sechost.dll
0x00007ffd8c210000 - 0x00007ffd8c334000 	C:\WINDOWS\System32\RPCRT4.dll
0x00007ffd8c600000 - 0x00007ffd8c790000 	C:\WINDOWS\System32\USER32.dll
0x00007ffd8a0e0000 - 0x00007ffd8a100000 	C:\WINDOWS\System32\win32u.dll
0x00007ffd8c5d0000 - 0x00007ffd8c5f8000 	C:\WINDOWS\System32\GDI32.dll
0x00007ffd89730000 - 0x00007ffd898c2000 	C:\WINDOWS\System32\gdi32full.dll
0x00007ffd894a0000 - 0x00007ffd8953f000 	C:\WINDOWS\System32\msvcp_win.dll
0x00007ffd89fe0000 - 0x00007ffd8a0d8000 	C:\WINDOWS\System32\ucrtbase.dll
0x00007ffd80880000 - 0x00007ffd80ae9000 	C:\WINDOWS\WinSxS\amd64_microsoft.windows.common-controls_6595b64144ccf1df_6.0.17134.706_none_fb43a2cb30647007\COMCTL32.dll
0x00007ffd8c840000 - 0x00007ffd8cb62000 	C:\WINDOWS\System32\combase.dll
0x00007ffd8a100000 - 0x00007ffd8a17a000 	C:\WINDOWS\System32\bcryptPrimitives.dll
0x00007ffd8c350000 - 0x00007ffd8c37d000 	C:\WINDOWS\System32\IMM32.DLL
0x0000000057050000 - 0x0000000057122000 	C:\Program Files\Java\jdk1.8.0_40\jre\bin\msvcr100.dll
0x00000000561d0000 - 0x0000000056a53000 	C:\Program Files\Java\jdk1.8.0_40\jre\bin\server\jvm.dll
0x00007ffd8bef0000 - 0x00007ffd8bef8000 	C:\WINDOWS\System32\PSAPI.DLL
0x00007ffd7e6c0000 - 0x00007ffd7e6e3000 	C:\WINDOWS\SYSTEM32\WINMM.dll
0x00007ffd81a20000 - 0x00007ffd81a2a000 	C:\WINDOWS\SYSTEM32\VERSION.dll
0x00007ffd87c90000 - 0x00007ffd87c99000 	C:\WINDOWS\SYSTEM32\WSOCK32.dll
0x00007ffd8bf00000 - 0x00007ffd8bf6c000 	C:\WINDOWS\System32\WS2_32.dll
0x00007ffd7e4b0000 - 0x00007ffd7e4da000 	C:\WINDOWS\SYSTEM32\winmmbase.dll
0x00007ffd8a180000 - 0x00007ffd8a1c9000 	C:\WINDOWS\System32\cfgmgr32.dll
0x00000000560e0000 - 0x00000000560ef000 	C:\Program Files\Java\jdk1.8.0_40\jre\bin\verify.dll
0x00000000560b0000 - 0x00000000560d9000 	C:\Program Files\Java\jdk1.8.0_40\jre\bin\java.dll
0x0000000056060000 - 0x0000000056076000 	C:\Program Files\Java\jdk1.8.0_40\jre\bin\zip.dll
0x00007ffd8a850000 - 0x00007ffd8bc90000 	C:\WINDOWS\System32\SHELL32.dll
0x00007ffd8c790000 - 0x00007ffd8c839000 	C:\WINDOWS\System32\shcore.dll
0x00007ffd898d0000 - 0x00007ffd89fdd000 	C:\WINDOWS\System32\windows.storage.dll
0x00007ffd8bf70000 - 0x00007ffd8bfc1000 	C:\WINDOWS\System32\shlwapi.dll
0x00007ffd89070000 - 0x00007ffd89081000 	C:\WINDOWS\System32\kernel.appcore.dll
0x00007ffd890f0000 - 0x00007ffd8910f000 	C:\WINDOWS\System32\profapi.dll
0x00007ffd890a0000 - 0x00007ffd890ec000 	C:\WINDOWS\System32\powrprof.dll
0x00007ffd89090000 - 0x00007ffd8909a000 	C:\WINDOWS\System32\FLTLIB.DLL
0x0000000056040000 - 0x000000005605a000 	C:\Program Files\Java\jdk1.8.0_40\jre\bin\net.dll
0x00007ffd88870000 - 0x00007ffd888d6000 	C:\WINDOWS\system32\mswsock.dll
0x00007ffd885f0000 - 0x00007ffd88628000 	C:\WINDOWS\SYSTEM32\IPHLPAPI.DLL
0x00007ffd8c340000 - 0x00007ffd8c348000 	C:\WINDOWS\System32\NSI.dll
0x00007ffd82c40000 - 0x00007ffd82c56000 	C:\WINDOWS\SYSTEM32\dhcpcsvc6.DLL
0x00007ffd823c0000 - 0x00007ffd823da000 	C:\WINDOWS\SYSTEM32\dhcpcsvc.DLL
0x00007ffd88630000 - 0x00007ffd886ee000 	C:\WINDOWS\SYSTEM32\DNSAPI.dll
0x00007ffd80090000 - 0x00007ffd8009a000 	C:\Windows\System32\rasadhlp.dll
0x00007ffd80800000 - 0x00007ffd80872000 	C:\WINDOWS\System32\fwpuclnt.dll
0x00007ffd88bb0000 - 0x00007ffd88bd5000 	C:\WINDOWS\SYSTEM32\bcrypt.dll
0x0000000055fe0000 - 0x0000000055fed000 	C:\Program Files\Java\jdk1.8.0_40\jre\bin\management.dll
0x00007ffd84320000 - 0x00007ffd84336000 	C:\WINDOWS\system32\napinsp.dll
0x00007ffd84300000 - 0x00007ffd8431a000 	C:\WINDOWS\system32\pnrpnsp.dll
0x00007ffd83d70000 - 0x00007ffd83d89000 	C:\WINDOWS\system32\NLAapi.dll
0x00007ffd84fe0000 - 0x00007ffd84fee000 	C:\WINDOWS\System32\winrnr.dll
0x0000000056020000 - 0x0000000056031000 	C:\Program Files\Java\jdk1.8.0_40\jre\bin\nio.dll
0x00007ffd88a80000 - 0x00007ffd88a97000 	C:\WINDOWS\SYSTEM32\CRYPTSP.dll
0x00007ffd88450000 - 0x00007ffd88483000 	C:\WINDOWS\system32\rsaenh.dll
0x00007ffd88f80000 - 0x00007ffd88fa8000 	C:\WINDOWS\SYSTEM32\USERENV.dll
0x00007ffd88aa0000 - 0x00007ffd88aab000 	C:\WINDOWS\SYSTEM32\CRYPTBASE.dll
0x00007ffd87a70000 - 0x00007ffd87c39000 	C:\WINDOWS\SYSTEM32\dbghelp.dll

VM Arguments:
jvm_args: -Dfile.encoding=UTF-8 
java_command: com.srikanth.microservices.currencyconversionservice.CurrencyConversionServiceApplication
java_class_path (initial): C:\Program Files\Java\jdk1.8.0_40\jre\lib\resources.jar;C:\Program Files\Java\jdk1.8.0_40\jre\lib\rt.jar;C:\Program Files\Java\jdk1.8.0_40\jre\lib\jsse.jar;C:\Program Files\Java\jdk1.8.0_40\jre\lib\jce.jar;C:\Program Files\Java\jdk1.8.0_40\jre\lib\charsets.jar;C:\Program Files\Java\jdk1.8.0_40\jre\lib\jfr.jar;C:\Program Files\Java\jdk1.8.0_40\jre\lib\ext\access-bridge-64.jar;C:\Program Files\Java\jdk1.8.0_40\jre\lib\ext\cldrdata.jar;C:\Program Files\Java\jdk1.8.0_40\jre\lib\ext\dnsns.jar;C:\Program Files\Java\jdk1.8.0_40\jre\lib\ext\jaccess.jar;C:\Program Files\Java\jdk1.8.0_40\jre\lib\ext\jfxrt.jar;C:\Program Files\Java\jdk1.8.0_40\jre\lib\ext\localedata.jar;C:\Program Files\Java\jdk1.8.0_40\jre\lib\ext\nashorn.jar;C:\Program Files\Java\jdk1.8.0_40\jre\lib\ext\sunec.jar;C:\Program Files\Java\jdk1.8.0_40\jre\lib\ext\sunjce_provider.jar;C:\Program Files\Java\jdk1.8.0_40\jre\lib\ext\sunmscapi.jar;C:\Program Files\Java\jdk1.8.0_40\jre\lib\ext\sunpkcs11.jar;C:\Program Files\Java\jdk1.8.0_40\jre\lib\ext\zipfs.jar;H:\Prep\currency-conversion-service\target\classes;C:\Users\welcome\.m2\repository\org\springframework\boot\spring-boot-starter-actuator\2.1.4.RELEASE\spring-boot-starter-actuator-2.1.4.RELEASE.jar;C:\Users\welcome\.m2\repository\org\springframework\boot\spring-boot-starter\2.1.4.RELEASE\spring-boot-starter-2.1.4.RELEASE.jar;C:\Users\welcome\.m2\repository\org\springframework\boot\spring-boot-starter-logging\2.1.4.RELEASE\spring-boot-starter-logging-2.1.4.RELEASE.jar;C:\Users\welcome\.m2\repository\ch\qos\logback\logback-classic\1.2.3\logback-classic-1.2.3.jar;C:\Users\welcome\.m2\repository\ch\qos\logback\logback-core\1.2.3\logback-core-1.2.3.jar;C:\Users\welcome\.m2\repository\org\apache\logging\log4j\log4j-to-slf4j\2.11.2\log4j-to-slf4j-2.11.2.jar;C:\Users\welcome\.m2\repository\org\apache\logging\log4j\log4j-api\2.11.2\log4j-api-2.11.2.jar;C:\Users\welcome\.m2\repository\org\slf4j\jul-to-slf4j\1.7.26\jul-to-slf4j-1.7.26.jar;C:\Us
Launcher Type: SUN_STANDARD

Environment Variables:
JAVA_HOME=C:\Program Files\Java\jdk1.8.0_40
JRE_HOME=C:\Program Files\Java\jre1.8.0_40
PATH=C:/Program Files/Java/jdk1.8.0_40/bin/../jre/bin/server;C:/Program Files/Java/jdk1.8.0_40/bin/../jre/bin;C:/Program Files/Java/jdk1.8.0_40/bin/../jre/lib/amd64;C:\Program Files\apache-maven-3.5.0\bin;C:\Program Files (x86)\Skype\Phone\;C:\Program Files\Java\jdk1.8.0_40\bin;C:\Program Files\Java\jre1.8.0_40\bin;C:\Program Files\Git\cmd;C:\Program Files (x86)\Brackets\command;C:\WINDOWS\system32;C:\WINDOWS;C:\WINDOWS\System32\Wbem;C:\WINDOWS\System32\WindowsPowerShell\v1.0\;C:\Program Files\nodejs\;;C:\WINDOWS\System32\OpenSSH\;C:\Program Files\Microsoft SQL Server\Client SDK\ODBC\130\Tools\Binn\;C:\Program Files (x86)\Microsoft SQL Server\140\Tools\Binn\;C:\Program Files\Microsoft SQL Server\140\Tools\Binn\;C:\Program Files\Microsoft SQL Server\140\DTS\Binn\;C:\Program Files (x86)\Microsoft SQL Server\Client SDK\ODBC\130\Tools\Binn\;C:\Program Files (x86)\Microsoft SQL Server\140\DTS\Binn\;C:\Program Files (x86)\Microsoft SQL Server\140\Tools\Binn\ManagementStudio\;C:\Program Files\Java\jdk1.8.0_40;C:\Users\welcome\AppData\Local\Microsoft\WindowsApps;C:\Users\welcome\AppData\Roaming\npm;;H:\eclipse;
USERNAME=SreekanthReddy
OS=Windows_NT
PROCESSOR_IDENTIFIER=Intel64 Family 6 Model 61 Stepping 4, GenuineIntel



---------------  S Y S T E M  ---------------

OS: Windows 10.0 , 64 bit Build 17134 (10.0.17134.706)

CPU:total 4 (2 cores per cpu, 2 threads per core) family 6 model 61 stepping 4, cmov, cx8, fxsr, mmx, sse, sse2, sse3, ssse3, sse4.1, sse4.2, popcnt, clmul, erms, 3dnowpref, lzcnt, ht, tsc, tscinvbit

Memory: 4k page, physical 4113068k(382804k free), swap 6161068k(16920k free)

vm_info: Java HotSpot(TM) 64-Bit Server VM (25.40-b25) for windows-amd64 JRE (1.8.0_40-b25), built on Feb 10 2015 21:53:57 by "java_re" with MS VC++ 10.0 (VS2010)

time: Sun Apr 14 17:18:11 2019
elapsed time: 15 seconds (0d 0h 0m 15s)

